# JRE version: OpenJDK Runtime Environment Temurin-21.0.10+7 (21.0.10+7) (build 21.0.10+7-LTS)
# Java VM: OpenJDK 64-Bit Server VM Temurin-21.0.10+7 (21.0.10+7-LTS, mixed mode, sharing, tiered, compressed oops, compressed class ptrs, parallel gc, windows-amd64)
GC Precious Log:
 CardTable entry size: 512
 CPUs: 4 total, 4 available
 Memory: 8089M
 Large Page Support: Disabled
 NUMA Support: Disabled
 Compressed Oops: Enabled (32-bit)
 Alignments: Space 512K, Generation 512K, Heap 2M
 Heap Min Capacity: 100M
 Heap Initial Capacity: 100M
 Heap Max Capacity: 2G
 Pre-touch: Disabled
 Parallel Workers: 4
Heap:
 PSYoungGen      total 13824K, used 11475K [0x00000000d5580000, 0x00000000d6480000, 0x0000000100000000)
  eden space 13312K, 84% used [0x00000000d5580000,0x00000000d607cf40,0x00000000d6280000)
  from space 512K, 43% used [0x00000000d6380000,0x00000000d63b8000,0x00000000d6400000)
  to   space 512K, 0% used [0x00000000d6400000,0x00000000d6400000,0x00000000d6480000)
 ParOldGen       total 710144K, used 708813K [0x0000000080000000, 0x00000000ab580000, 0x00000000d5580000)
  object space 710144K, 99% used [0x0000000080000000,0x00000000ab433790,0x00000000ab580000)
 Metaspace       used 71073K, committed 72704K, reserved 1114112K
  class space    used 7590K, committed 8256K, reserved 1048576K
GC Heap History (20 events):
Event: 33.761 GC heap before
{Heap before GC invocations=107 (full 3):
 PSYoungGen      total 14848K, used 14016K [0x00000000d5580000, 0x00000000d6580000, 0x0000000100000000)
  eden space 13312K, 100% used [0x00000000d5580000,0x00000000d6280000,0x00000000d6280000)
  from space 1536K, 45% used [0x00000000d6300000,0x00000000d63b0020,0x00000000d6480000)
  to   space 1024K, 0% used [0x00000000d6480000,0x00000000d6480000,0x00000000d6580000)
 ParOldGen       total 90112K, used 89712K [0x0000000080000000, 0x0000000085800000, 0x00000000d5580000)
  object space 90112K, 99% used [0x0000000080000000,0x000000008579c3e0,0x0000000085800000)
 Metaspace       used 67680K, committed 69184K, reserved 1114112K
  class space    used 7242K, committed 7936K, reserved 1048576K
}
Event: 33.763 GC heap after
{Heap after GC invocations=107 (full 3):
 PSYoungGen      total 14336K, used 658K [0x00000000d5580000, 0x00000000d6580000, 0x0000000100000000)
  eden space 13312K, 0% used [0x00000000d5580000,0x00000000d5580000,0x00000000d6280000)
  from space 1024K, 64% used [0x00000000d6480000,0x00000000d6524898,0x00000000d6580000)
  to   space 1024K, 0% used [0x00000000d6380000,0x00000000d6380000,0x00000000d6480000)
 ParOldGen       total 90624K, used 90369K [0x0000000080000000, 0x0000000085880000, 0x00000000d5580000)
  object space 90624K, 99% used [0x0000000080000000,0x0000000085840540,0x0000000085880000)
 Metaspace       used 67680K, committed 69184K, reserved 1114112K
  class space    used 7242K, committed 7936K, reserved 1048576K
}
Event: 678.681 GC heap before
{Heap before GC invocations=108 (full 3):
 PSYoungGen      total 14336K, used 13970K [0x00000000d5580000, 0x00000000d6580000, 0x0000000100000000)
  eden space 13312K, 100% used [0x00000000d5580000,0x00000000d6280000,0x00000000d6280000)
  from space 1024K, 64% used [0x00000000d6480000,0x00000000d6524898,0x00000000d6580000)
  to   space 1024K, 0% used [0x00000000d6380000,0x00000000d6380000,0x00000000d6480000)
 ParOldGen       total 90624K, used 90369K [0x0000000080000000, 0x0000000085880000, 0x00000000d5580000)
  object space 90624K, 99% used [0x0000000080000000,0x0000000085840540,0x0000000085880000)
 Metaspace       used 68345K, committed 69888K, reserved 1114112K
  class space    used 7312K, committed 8000K, reserved 1048576K
}
Event: 678.685 GC heap after
{Heap after GC invocations=108 (full 3):
 PSYoungGen      total 14336K, used 640K [0x00000000d5580000, 0x00000000d6500000, 0x0000000100000000)
  eden space 13312K, 0% used [0x00000000d5580000,0x00000000d5580000,0x00000000d6280000)
  from space 1024K, 62% used [0x00000000d6380000,0x00000000d6420000,0x00000000d6480000)
  to   space 512K, 0% used [0x00000000d6480000,0x00000000d6480000,0x00000000d6500000)
 ParOldGen       total 91136K, used 90942K [0x0000000080000000, 0x0000000085900000, 0x00000000d5580000)
  object space 91136K, 99% used [0x0000000080000000,0x00000000858cfb50,0x0000000085900000)
 Metaspace       used 68345K, committed 69888K, reserved 1114112K
  class space    used 7312K, committed 8000K, reserved 1048576K
}
Event: 680.523 GC heap before
{Heap before GC invocations=109 (full 3):
 PSYoungGen      total 14336K, used 13952K [0x00000000d5580000, 0x00000000d6500000, 0x0000000100000000)
  eden space 13312K, 100% used [0x00000000d5580000,0x00000000d6280000,0x00000000d6280000)
  from space 1024K, 62% used [0x00000000d6380000,0x00000000d6420000,0x00000000d6480000)
  to   space 512K, 0% used [0x00000000d6480000,0x00000000d6480000,0x00000000d6500000)
 ParOldGen       total 91136K, used 90942K [0x0000000080000000, 0x0000000085900000, 0x00000000d5580000)
  object space 91136K, 99% used [0x0000000080000000,0x00000000858cfb50,0x0000000085900000)
 Metaspace       used 69502K, committed 71040K, reserved 1114112K
  class space    used 7439K, committed 8064K, reserved 1048576K
}
Event: 680.528 GC heap after
{Heap after GC invocations=109 (full 3):
 PSYoungGen      total 13824K, used 505K [0x00000000d5580000, 0x00000000d6680000, 0x0000000100000000)
  eden space 13312K, 0% used [0x00000000d5580000,0x00000000d5580000,0x00000000d6280000)
  from space 512K, 98% used [0x00000000d6480000,0x00000000d64fe490,0x00000000d6500000)
  to   space 2048K, 0% used [0x00000000d6280000,0x00000000d6280000,0x00000000d6480000)
 ParOldGen       total 92160K, used 92122K [0x0000000080000000, 0x0000000085a00000, 0x00000000d5580000)
  object space 92160K, 99% used [0x0000000080000000,0x00000000859f6a00,0x0000000085a00000)
 Metaspace       used 69502K, committed 71040K, reserved 1114112K
  class space    used 7439K, committed 8064K, reserved 1048576K
}
Event: 681.101 GC heap before
{Heap before GC invocations=110 (full 3):
 PSYoungGen      total 13824K, used 13817K [0x00000000d5580000, 0x00000000d6680000, 0x0000000100000000)
  eden space 13312K, 100% used [0x00000000d5580000,0x00000000d6280000,0x00000000d6280000)
  from space 512K, 98% used [0x00000000d6480000,0x00000000d64fe490,0x00000000d6500000)
  to   space 2048K, 0% used [0x00000000d6280000,0x00000000d6280000,0x00000000d6480000)
 ParOldGen       total 92160K, used 92122K [0x0000000080000000, 0x0000000085a00000, 0x00000000d5580000)
  object space 92160K, 99% used [0x0000000080000000,0x00000000859f6a00,0x0000000085a00000)
 Metaspace       used 69792K, committed 71360K, reserved 1114112K
  class space    used 7483K, committed 8128K, reserved 1048576K
}
Event: 681.105 GC heap after
{Heap after GC invocations=110 (full 3):
 PSYoungGen      total 14336K, used 992K [0x00000000d5580000, 0x00000000d6580000, 0x0000000100000000)
  eden space 13312K, 0% used [0x00000000d5580000,0x00000000d5580000,0x00000000d6280000)
  from space 1024K, 96% used [0x00000000d6280000,0x00000000d6378000,0x00000000d6380000)
  to   space 1536K, 0% used [0x00000000d6400000,0x00000000d6400000,0x00000000d6580000)
 ParOldGen       total 92672K, used 92632K [0x0000000080000000, 0x0000000085a80000, 0x00000000d5580000)
  object space 92672K, 99% used [0x0000000080000000,0x0000000085a761c8,0x0000000085a80000)
 Metaspace       used 69792K, committed 71360K, reserved 1114112K
  class space    used 7483K, committed 8128K, reserved 1048576K
}
Event: 721.283 GC heap before
{Heap before GC invocations=111 (full 3):
 PSYoungGen      total 14336K, used 14304K [0x00000000d5580000, 0x00000000d6580000, 0x0000000100000000)
  eden space 13312K, 100% used [0x00000000d5580000,0x00000000d6280000,0x00000000d6280000)
  from space 1024K, 96% used [0x00000000d6280000,0x00000000d6378000,0x00000000d6380000)
  to   space 1536K, 0% used [0x00000000d6400000,0x00000000d6400000,0x00000000d6580000)
 ParOldGen       total 187904K, used 184792K [0x0000000080000000, 0x000000008b780000, 0x00000000d5580000)
  object space 187904K, 98% used [0x0000000080000000,0x000000008b476258,0x000000008b780000)
 Metaspace       used 70558K, committed 72128K, reserved 1114112K
  class space    used 7559K, committed 8256K, reserved 1048576K
}
Event: 721.286 GC heap after
{Heap after GC invocations=111 (full 3):
 PSYoungGen      total 14336K, used 698K [0x00000000d5580000, 0x00000000d6500000, 0x0000000100000000)
  eden space 13312K, 0% used [0x00000000d5580000,0x00000000d5580000,0x00000000d6280000)
  from space 1024K, 68% used [0x00000000d6400000,0x00000000d64ae8e8,0x00000000d6500000)
  to   space 1024K, 0% used [0x00000000d6280000,0x00000000d6280000,0x00000000d6380000)
 ParOldGen       total 187904K, used 185664K [0x0000000080000000, 0x000000008b780000, 0x00000000d5580000)
  object space 187904K, 98% used [0x0000000080000000,0x000000008b550258,0x000000008b780000)
 Metaspace       used 70558K, committed 72128K, reserved 1114112K
  class space    used 7559K, committed 8256K, reserved 1048576K
}
Event: 722.474 GC heap before
{Heap before GC invocations=112 (full 3):
 PSYoungGen      total 14336K, used 14010K [0x00000000d5580000, 0x00000000d6500000, 0x0000000100000000)
  eden space 13312K, 100% used [0x00000000d5580000,0x00000000d6280000,0x00000000d6280000)
  from space 1024K, 68% used [0x00000000d6400000,0x00000000d64ae8e8,0x00000000d6500000)
  to   space 1024K, 0% used [0x00000000d6280000,0x00000000d6280000,0x00000000d6380000)
 ParOldGen       total 274944K, used 270144K [0x0000000080000000, 0x0000000090c80000, 0x00000000d5580000)
  object space 274944K, 98% used [0x0000000080000000,0x00000000907d02d8,0x0000000090c80000)
 Metaspace       used 70611K, committed 72192K, reserved 1114112K
  class space    used 7562K, committed 8256K, reserved 1048576K
}
Event: 722.477 GC heap after
{Heap after GC invocations=112 (full 3):
 PSYoungGen      total 14336K, used 224K [0x00000000d5580000, 0x00000000d6480000, 0x0000000100000000)
  eden space 13312K, 0% used [0x00000000d5580000,0x00000000d5580000,0x00000000d6280000)
  from space 1024K, 21% used [0x00000000d6280000,0x00000000d62b8020,0x00000000d6380000)
  to   space 512K, 0% used [0x00000000d6400000,0x00000000d6400000,0x00000000d6480000)
 ParOldGen       total 274944K, used 270677K [0x0000000080000000, 0x0000000090c80000, 0x00000000d5580000)
  object space 274944K, 98% used [0x0000000080000000,0x0000000090855490,0x0000000090c80000)
 Metaspace       used 70611K, committed 72192K, reserved 1114112K
  class space    used 7562K, committed 8256K, reserved 1048576K
}
Event: 726.260 GC heap before
{Heap before GC invocations=113 (full 3):
 PSYoungGen      total 14336K, used 13536K [0x00000000d5580000, 0x00000000d6480000, 0x0000000100000000)
  eden space 13312K, 100% used [0x00000000d5580000,0x00000000d6280000,0x00000000d6280000)
  from space 1024K, 21% used [0x00000000d6280000,0x00000000d62b8020,0x00000000d6380000)
  to   space 512K, 0% used [0x00000000d6400000,0x00000000d6400000,0x00000000d6480000)
 ParOldGen       total 361984K, used 355157K [0x0000000080000000, 0x0000000096180000, 0x00000000d5580000)
  object space 361984K, 98% used [0x0000000080000000,0x0000000095ad5510,0x0000000096180000)
 Metaspace       used 70643K, committed 72192K, reserved 1114112K
  class space    used 7562K, committed 8256K, reserved 1048576K
}
Event: 726.261 GC heap after
{Heap after GC invocations=113 (full 3):
 PSYoungGen      total 13824K, used 256K [0x00000000d5580000, 0x00000000d6480000, 0x0000000100000000)
  eden space 13312K, 0% used [0x00000000d5580000,0x00000000d5580000,0x00000000d6280000)
  from space 512K, 50% used [0x00000000d6400000,0x00000000d6440000,0x00000000d6480000)
  to   space 512K, 0% used [0x00000000d6380000,0x00000000d6380000,0x00000000d6400000)
 ParOldGen       total 361984K, used 355269K [0x0000000080000000, 0x0000000096180000, 0x00000000d5580000)
  object space 361984K, 98% used [0x0000000080000000,0x0000000095af1540,0x0000000096180000)
 Metaspace       used 70643K, committed 72192K, reserved 1114112K
  class space    used 7562K, committed 8256K, reserved 1048576K
}
Event: 1083.936 GC heap before
{Heap before GC invocations=114 (full 3):
 PSYoungGen      total 13824K, used 13568K [0x00000000d5580000, 0x00000000d6480000, 0x0000000100000000)
  eden space 13312K, 100% used [0x00000000d5580000,0x00000000d6280000,0x00000000d6280000)
  from space 512K, 50% used [0x00000000d6400000,0x00000000d6440000,0x00000000d6480000)
  to   space 512K, 0% used [0x00000000d6380000,0x00000000d6380000,0x00000000d6400000)
 ParOldGen       total 449024K, used 447429K [0x0000000080000000, 0x000000009b680000, 0x00000000d5580000)
  object space 449024K, 99% used [0x0000000080000000,0x000000009b4f15d0,0x000000009b680000)
 Metaspace       used 70990K, committed 72576K, reserved 1114112K
  class space    used 7590K, committed 8256K, reserved 1048576K
}
Event: 1083.948 GC heap after
{Heap after GC invocations=114 (full 3):
 PSYoungGen      total 13824K, used 336K [0x00000000d5580000, 0x00000000d6480000, 0x0000000100000000)
  eden space 13312K, 0% used [0x00000000d5580000,0x00000000d5580000,0x00000000d6280000)
  from space 512K, 65% used [0x00000000d6380000,0x00000000d63d4030,0x00000000d6400000)
  to   space 512K, 0% used [0x00000000d6400000,0x00000000d6400000,0x00000000d6480000)
 ParOldGen       total 449024K, used 447461K [0x0000000080000000, 0x000000009b680000, 0x00000000d5580000)
  object space 449024K, 99% used [0x0000000080000000,0x000000009b4f95d0,0x000000009b680000)
 Metaspace       used 70990K, committed 72576K, reserved 1114112K
  class space    used 7590K, committed 8256K, reserved 1048576K
}
Event: 1084.670 GC heap before
{Heap before GC invocations=115 (full 3):
 PSYoungGen      total 13824K, used 13648K [0x00000000d5580000, 0x00000000d6480000, 0x0000000100000000)
  eden space 13312K, 100% used [0x00000000d5580000,0x00000000d6280000,0x00000000d6280000)
  from space 512K, 65% used [0x00000000d6380000,0x00000000d63d4030,0x00000000d6400000)
  to   space 512K, 0% used [0x00000000d6400000,0x00000000d6400000,0x00000000d6480000)
 ParOldGen       total 536064K, used 531941K [0x0000000080000000, 0x00000000a0b80000, 0x00000000d5580000)
  object space 536064K, 99% used [0x0000000080000000,0x00000000a0779650,0x00000000a0b80000)
 Metaspace       used 71005K, committed 72576K, reserved 1114112K
  class space    used 7590K, committed 8256K, reserved 1048576K
}
Event: 1084.672 GC heap after
{Heap after GC invocations=115 (full 3):
 PSYoungGen      total 13824K, used 192K [0x00000000d5580000, 0x00000000d6480000, 0x0000000100000000)
  eden space 13312K, 0% used [0x00000000d5580000,0x00000000d5580000,0x00000000d6280000)
  from space 512K, 37% used [0x00000000d6400000,0x00000000d6430000,0x00000000d6480000)
  to   space 512K, 0% used [0x00000000d6380000,0x00000000d6380000,0x00000000d6400000)
 ParOldGen       total 536064K, used 532141K [0x0000000080000000, 0x00000000a0b80000, 0x00000000d5580000)
  object space 536064K, 99% used [0x0000000080000000,0x00000000a07ab680,0x00000000a0b80000)
 Metaspace       used 71005K, committed 72576K, reserved 1114112K
  class space    used 7590K, committed 8256K, reserved 1048576K
}
Event: 1094.168 GC heap before
{Heap before GC invocations=116 (full 3):
 PSYoungGen      total 13824K, used 13504K [0x00000000d5580000, 0x00000000d6480000, 0x0000000100000000)
  eden space 13312K, 100% used [0x00000000d5580000,0x00000000d6280000,0x00000000d6280000)
  from space 512K, 37% used [0x00000000d6400000,0x00000000d6430000,0x00000000d6480000)
  to   space 512K, 0% used [0x00000000d6380000,0x00000000d6380000,0x00000000d6400000)
 ParOldGen       total 623104K, used 616621K [0x0000000080000000, 0x00000000a6080000, 0x00000000d5580000)
  object space 623104K, 98% used [0x0000000080000000,0x00000000a5a2b700,0x00000000a6080000)
 Metaspace       used 71031K, committed 72640K, reserved 1114112K
  class space    used 7590K, committed 8256K, reserved 1048576K
}
Event: 1094.170 GC heap after
{Heap after GC invocations=116 (full 3):
 PSYoungGen      total 13824K, used 224K [0x00000000d5580000, 0x00000000d6480000, 0x0000000100000000)
  eden space 13312K, 0% used [0x00000000d5580000,0x00000000d5580000,0x00000000d6280000)
  from space 512K, 43% used [0x00000000d6380000,0x00000000d63b8000,0x00000000d6400000)
  to   space 512K, 0% used [0x00000000d6400000,0x00000000d6400000,0x00000000d6480000)
 ParOldGen       total 623104K, used 616653K [0x0000000080000000, 0x00000000a6080000, 0x00000000d5580000)
  object space 623104K, 98% used [0x0000000080000000,0x00000000a5a33700,0x00000000a6080000)
 Metaspace       used 71031K, committed 72640K, reserved 1114112K
  class space    used 7590K, committed 8256K, reserved 1048576K
}

