# JRE version: OpenJDK Runtime Environment Temurin-21.0.10+7 (21.0.10+7) (build 21.0.10+7-LTS)
# Java VM: OpenJDK 64-Bit Server VM Temurin-21.0.10+7 (21.0.10+7-LTS, mixed mode, emulated-client, sharing, tiered, compressed oops, compressed class ptrs, g1 gc, windows-amd64)
GC Precious Log:
 CardTable entry size: 512
 Card Set container configuration: InlinePtr #cards 5 size 8 Array Of Cards #cards 12 size 40 Howl #buckets 4 coarsen threshold 1843 Howl Bitmap #cards 512 size 80 coarsen threshold 460 Card regions per heap region 1 cards per card region 2048
 CPUs: 4 total, 4 available
 Memory: 8089M
 Large Page Support: Disabled
 NUMA Support: Disabled
 Compressed Oops: Enabled (32-bit)
 Heap Region Size: 1M
 Heap Min Capacity: 8M
 Heap Initial Capacity: 128M
 Heap Max Capacity: 1G
 Pre-touch: Disabled
 Parallel Workers: 4
 Concurrent Workers: 1
 Concurrent Refinement Workers: 4
 Periodic GC: Disabled
Heap:
 garbage-first heap   total 86016K, used 28213K [0x00000000c0000000, 0x0000000100000000)
  region size 1024K, 1 young (1024K), 0 survivors (0K)
 Metaspace       used 43536K, committed 44224K, reserved 1114112K
  class space    used 5671K, committed 6016K, reserved 1048576K
GC Heap History (20 events):
Event: 763.561 GC heap after
{Heap after GC invocations=52 (full 42):
 garbage-first heap   total 86016K, used 28214K [0x00000000c0000000, 0x0000000100000000)
  region size 1024K, 0 young (0K), 0 survivors (0K)
 Metaspace       used 43536K, committed 44224K, reserved 1114112K
  class space    used 5671K, committed 6016K, reserved 1048576K
}
Event: 774.056 GC heap before
{Heap before GC invocations=52 (full 42):
 garbage-first heap   total 86016K, used 28214K [0x00000000c0000000, 0x0000000100000000)
  region size 1024K, 1 young (1024K), 0 survivors (0K)
 Metaspace       used 43536K, committed 44224K, reserved 1114112K
  class space    used 5671K, committed 6016K, reserved 1048576K
}
Event: 774.085 GC heap after
{Heap after GC invocations=53 (full 43):
 garbage-first heap   total 86016K, used 28214K [0x00000000c0000000, 0x0000000100000000)
  region size 1024K, 0 young (0K), 0 survivors (0K)
 Metaspace       used 43536K, committed 44224K, reserved 1114112K
  class space    used 5671K, committed 6016K, reserved 1048576K
}
Event: 784.502 GC heap before
{Heap before GC invocations=53 (full 43):
 garbage-first heap   total 86016K, used 28214K [0x00000000c0000000, 0x0000000100000000)
  region size 1024K, 1 young (1024K), 0 survivors (0K)
 Metaspace       used 43536K, committed 44224K, reserved 1114112K
  class space    used 5671K, committed 6016K, reserved 1048576K
}
Event: 784.526 GC heap after
{Heap after GC invocations=54 (full 44):
 garbage-first heap   total 86016K, used 28213K [0x00000000c0000000, 0x0000000100000000)
  region size 1024K, 0 young (0K), 0 survivors (0K)
 Metaspace       used 43536K, committed 44224K, reserved 1114112K
  class space    used 5671K, committed 6016K, reserved 1048576K
}
Event: 794.979 GC heap before
{Heap before GC invocations=54 (full 44):
 garbage-first heap   total 86016K, used 28213K [0x00000000c0000000, 0x0000000100000000)
  region size 1024K, 1 young (1024K), 0 survivors (0K)
 Metaspace       used 43536K, committed 44224K, reserved 1114112K
  class space    used 5671K, committed 6016K, reserved 1048576K
}
Event: 795.000 GC heap after
{Heap after GC invocations=55 (full 45):
 garbage-first heap   total 86016K, used 28213K [0x00000000c0000000, 0x0000000100000000)
  region size 1024K, 0 young (0K), 0 survivors (0K)
 Metaspace       used 43536K, committed 44224K, reserved 1114112K
  class space    used 5671K, committed 6016K, reserved 1048576K
}
Event: 805.417 GC heap before
{Heap before GC invocations=55 (full 45):
 garbage-first heap   total 86016K, used 28213K [0x00000000c0000000, 0x0000000100000000)
  region size 1024K, 1 young (1024K), 0 survivors (0K)
 Metaspace       used 43536K, committed 44224K, reserved 1114112K
  class space    used 5671K, committed 6016K, reserved 1048576K
}
Event: 805.444 GC heap after
{Heap after GC invocations=56 (full 46):
 garbage-first heap   total 86016K, used 28213K [0x00000000c0000000, 0x0000000100000000)
  region size 1024K, 0 young (0K), 0 survivors (0K)
 Metaspace       used 43536K, committed 44224K, reserved 1114112K
  class space    used 5671K, committed 6016K, reserved 1048576K
}
Event: 815.843 GC heap before
{Heap before GC invocations=56 (full 46):
 garbage-first heap   total 86016K, used 28213K [0x00000000c0000000, 0x0000000100000000)
  region size 1024K, 1 young (1024K), 0 survivors (0K)
 Metaspace       used 43536K, committed 44224K, reserved 1114112K
  class space    used 5671K, committed 6016K, reserved 1048576K
}
Event: 815.871 GC heap after
{Heap after GC invocations=57 (full 47):
 garbage-first heap   total 86016K, used 28213K [0x00000000c0000000, 0x0000000100000000)
  region size 1024K, 0 young (0K), 0 survivors (0K)
 Metaspace       used 43536K, committed 44224K, reserved 1114112K
  class space    used 5671K, committed 6016K, reserved 1048576K
}
Event: 826.450 GC heap before
{Heap before GC invocations=57 (full 47):
 garbage-first heap   total 86016K, used 28213K [0x00000000c0000000, 0x0000000100000000)
  region size 1024K, 1 young (1024K), 0 survivors (0K)
 Metaspace       used 43536K, committed 44224K, reserved 1114112K
  class space    used 5671K, committed 6016K, reserved 1048576K
}
Event: 826.487 GC heap after
{Heap after GC invocations=58 (full 48):
 garbage-first heap   total 86016K, used 28213K [0x00000000c0000000, 0x0000000100000000)
  region size 1024K, 0 young (0K), 0 survivors (0K)
 Metaspace       used 43536K, committed 44224K, reserved 1114112K
  class space    used 5671K, committed 6016K, reserved 1048576K
}
Event: 836.822 GC heap before
{Heap before GC invocations=58 (full 48):
 garbage-first heap   total 86016K, used 28213K [0x00000000c0000000, 0x0000000100000000)
  region size 1024K, 1 young (1024K), 0 survivors (0K)
 Metaspace       used 43536K, committed 44224K, reserved 1114112K
  class space    used 5671K, committed 6016K, reserved 1048576K
}
Event: 836.850 GC heap after
{Heap after GC invocations=59 (full 49):
 garbage-first heap   total 86016K, used 28213K [0x00000000c0000000, 0x0000000100000000)
  region size 1024K, 0 young (0K), 0 survivors (0K)
 Metaspace       used 43536K, committed 44224K, reserved 1114112K
  class space    used 5671K, committed 6016K, reserved 1048576K
}
Event: 847.455 GC heap before
{Heap before GC invocations=59 (full 49):
 garbage-first heap   total 86016K, used 28213K [0x00000000c0000000, 0x0000000100000000)
  region size 1024K, 1 young (1024K), 0 survivors (0K)
 Metaspace       used 43536K, committed 44224K, reserved 1114112K
  class space    used 5671K, committed 6016K, reserved 1048576K
}
Event: 847.496 GC heap after
{Heap after GC invocations=60 (full 50):
 garbage-first heap   total 86016K, used 28213K [0x00000000c0000000, 0x0000000100000000)
  region size 1024K, 0 young (0K), 0 survivors (0K)
 Metaspace       used 43536K, committed 44224K, reserved 1114112K
  class space    used 5671K, committed 6016K, reserved 1048576K
}
Event: 858.029 GC heap before
{Heap before GC invocations=60 (full 50):
 garbage-first heap   total 86016K, used 28213K [0x00000000c0000000, 0x0000000100000000)
  region size 1024K, 1 young (1024K), 0 survivors (0K)
 Metaspace       used 43536K, committed 44224K, reserved 1114112K
  class space    used 5671K, committed 6016K, reserved 1048576K
}
Event: 858.068 GC heap after
{Heap after GC invocations=61 (full 51):
 garbage-first heap   total 86016K, used 28213K [0x00000000c0000000, 0x0000000100000000)
  region size 1024K, 0 young (0K), 0 survivors (0K)
 Metaspace       used 43536K, committed 44224K, reserved 1114112K
  class space    used 5671K, committed 6016K, reserved 1048576K
}
Event: 868.539 GC heap before
{Heap before GC invocations=61 (full 51):
 garbage-first heap   total 86016K, used 28213K [0x00000000c0000000, 0x0000000100000000)
  region size 1024K, 1 young (1024K), 0 survivors (0K)
 Metaspace       used 43536K, committed 44224K, reserved 1114112K
  class space    used 5671K, committed 6016K, reserved 1048576K
}

